<?xml version="1.0" encoding="UTF-8"?>
<testsuite xmlns:xsi="http://www.w3.org/2001/XMLSchema-instance" xsi:noNamespaceSchemaLocation="https://maven.apache.org/surefire/maven-surefire-plugin/xsd/surefire-test-report.xsd" version="3.0.2" name="io.instanto.domino.testing.GalleryStepsTest" time="56.572" tests="66" errors="0" skipped="0" failures="0" flakes="0">
  <testcase name="scenario_The_original_dialogs_example_renders_line_11_2" classname="io.instanto.domino.testing.GalleryStepsTest" time="13.748">
    <system-out><![CDATA[Open link to run tests: http://localhost:59023/index.html?logging=true
Cucumber: scenario_The_original_dialogs_example_renders_line_11_2
]]></system-out>
    <system-err><![CDATA[SLF4J(W): No SLF4J providers were found.
SLF4J(W): Defaulting to no-operation (NOP) logger implementation
SLF4J(W): See https://www.slf4j.org/codes.html#noProviders for further details.
]]></system-err>
  </testcase>
  <testcase name="scenario_The_original_breadcrumb_example_renders_line_14_5" classname="io.instanto.domino.testing.GalleryStepsTest" time="0.466">
    <system-out><![CDATA[Cucumber: scenario_The_original_breadcrumb_example_renders_line_14_5
]]></system-out>
  </testcase>
  <testcase name="scenario_The_original_collapse_example_renders_line_17_8" classname="io.instanto.domino.testing.GalleryStepsTest" time="0.507">
    <system-out><![CDATA[Cucumber: scenario_The_original_collapse_example_renders_line_17_8
]]></system-out>
  </testcase>
  <testcase name="scenario_The_original_helpers_example_renders_line_19_10" classname="io.instanto.domino.testing.GalleryStepsTest" time="0.538">
    <system-out><![CDATA[Cucumber: scenario_The_original_helpers_example_renders_line_19_10
]]></system-out>
  </testcase>
  <testcase name="scenario_The_original_infobox_example_renders_line_20_11" classname="io.instanto.domino.testing.GalleryStepsTest" time="0.398">
    <system-out><![CDATA[Cucumber: scenario_The_original_infobox_example_renders_line_20_11
]]></system-out>
  </testcase>
  <testcase name="scenario_The_original_inputfields_example_renders_line_21_12" classname="io.instanto.domino.testing.GalleryStepsTest" time="0.507">
    <system-out><![CDATA[Cucumber: scenario_The_original_inputfields_example_renders_line_21_12
]]></system-out>
  </testcase>
  <testcase name="scenario_The_original_labels_example_renders_line_22_13" classname="io.instanto.domino.testing.GalleryStepsTest" time="0.38">
    <system-out><![CDATA[Cucumber: scenario_The_original_labels_example_renders_line_22_13
]]></system-out>
  </testcase>
  <testcase name="scenario_The_original_loaders_example_renders_line_24_15" classname="io.instanto.domino.testing.GalleryStepsTest" time="0.455">
    <system-out><![CDATA[Cucumber: scenario_The_original_loaders_example_renders_line_24_15
]]></system-out>
  </testcase>
  <testcase name="scenario_The_original_notifications_example_renders_line_26_17" classname="io.instanto.domino.testing.GalleryStepsTest" time="0.428">
    <system-out><![CDATA[Cucumber: scenario_The_original_notifications_example_renders_line_26_17
]]></system-out>
  </testcase>
  <testcase name="scenario_The_original_pagination_example_renders_line_27_18" classname="io.instanto.domino.testing.GalleryStepsTest" time="0.443">
    <system-out><![CDATA[Cucumber: scenario_The_original_pagination_example_renders_line_27_18
]]></system-out>
  </testcase>
  <testcase name="scenario_The_original_popover_example_renders_line_28_19" classname="io.instanto.domino.testing.GalleryStepsTest" time="0.401">
    <system-out><![CDATA[Cucumber: scenario_The_original_popover_example_renders_line_28_19
]]></system-out>
  </testcase>
  <testcase name="scenario_The_original_preloaders_example_renders_line_29_20" classname="io.instanto.domino.testing.GalleryStepsTest" time="0.419">
    <system-out><![CDATA[Cucumber: scenario_The_original_preloaders_example_renders_line_29_20
]]></system-out>
  </testcase>
  <testcase name="scenario_The_original_progress_example_renders_line_30_21" classname="io.instanto.domino.testing.GalleryStepsTest" time="0.394">
    <system-out><![CDATA[Cucumber: scenario_The_original_progress_example_renders_line_30_21
]]></system-out>
  </testcase>
  <testcase name="scenario_The_original_sliders_example_renders_line_31_22" classname="io.instanto.domino.testing.GalleryStepsTest" time="0.429">
    <system-out><![CDATA[Cucumber: scenario_The_original_sliders_example_renders_line_31_22
]]></system-out>
  </testcase>
  <testcase name="scenario_The_original_splitPanel_example_renders_line_33_24" classname="io.instanto.domino.testing.GalleryStepsTest" time="0.483">
    <system-out><![CDATA[Cucumber: scenario_The_original_splitPanel_example_renders_line_33_24
]]></system-out>
  </testcase>
  <testcase name="scenario_The_original_steppers_example_renders_line_34_25" classname="io.instanto.domino.testing.GalleryStepsTest" time="0.535">
    <system-out><![CDATA[Cucumber: scenario_The_original_steppers_example_renders_line_34_25
]]></system-out>
  </testcase>
  <testcase name="scenario_The_original_timepicker_example_renders_line_36_27" classname="io.instanto.domino.testing.GalleryStepsTest" time="2.804">
    <system-out><![CDATA[Cucumber: scenario_The_original_timepicker_example_renders_line_36_27
]]></system-out>
  </testcase>
  <testcase name="scenario_The_original_typography_example_renders_line_37_28" classname="io.instanto.domino.testing.GalleryStepsTest" time="0.477">
    <system-out><![CDATA[Cucumber: scenario_The_original_typography_example_renders_line_37_28
]]></system-out>
  </testcase>
  <testcase name="scenario_The_original_datepicker_example_renders_line_39_30" classname="io.instanto.domino.testing.GalleryStepsTest" time="0.838">
    <system-out><![CDATA[Cucumber: scenario_The_original_datepicker_example_renders_line_39_30
]]></system-out>
  </testcase>
  <testcase name="scenario_The_original_formsvalidations_example_renders_line_40_31" classname="io.instanto.domino.testing.GalleryStepsTest" time="0.952">
    <system-out><![CDATA[Cucumber: scenario_The_original_formsvalidations_example_renders_line_40_31
]]></system-out>
  </testcase>
  <testcase name="scenario_The_original_advanced_forms_example_renders_line_42_33" classname="io.instanto.domino.testing.GalleryStepsTest" time="0.633">
    <system-out><![CDATA[Cucumber: scenario_The_original_advanced_forms_example_renders_line_42_33
]]></system-out>
  </testcase>
  <testcase name="scenario_The_original_animation_example_renders_line_43_34" classname="io.instanto.domino.testing.GalleryStepsTest" time="0.452">
    <system-out><![CDATA[Cucumber: scenario_The_original_animation_example_renders_line_43_34
]]></system-out>
  </testcase>
  <testcase name="scenario_The_original_carousel_example_renders_line_44_35" classname="io.instanto.domino.testing.GalleryStepsTest" time="0.477">
    <system-out><![CDATA[Cucumber: scenario_The_original_carousel_example_renders_line_44_35
]]></system-out>
  </testcase>
  <testcase name="scenario_The_original_thumbnails_example_renders_line_46_37" classname="io.instanto.domino.testing.GalleryStepsTest" time="0.604">
    <system-out><![CDATA[Cucumber: scenario_The_original_thumbnails_example_renders_line_46_37
]]></system-out>
  </testcase>
  <testcase name="scenario_The_original_modals_example_renders_line_47_38" classname="io.instanto.domino.testing.GalleryStepsTest" time="0.485">
    <system-out><![CDATA[Cucumber: scenario_The_original_modals_example_renders_line_47_38
]]></system-out>
  </testcase>
  <testcase name="scenario_The_original_table_marker_plugin_example_renders_line_58_49" classname="io.instanto.domino.testing.GalleryStepsTest" time="0.481">
    <system-out><![CDATA[Cucumber: scenario_The_original_table_marker_plugin_example_renders_line_58_49
]]></system-out>
  </testcase>
  <testcase name="scenario_The_original_table_columns_groups_example_renders_line_59_50" classname="io.instanto.domino.testing.GalleryStepsTest" time="0.538">
    <system-out><![CDATA[Cucumber: scenario_The_original_table_columns_groups_example_renders_line_59_50
]]></system-out>
  </testcase>
  <testcase name="scenario_The_original_table_editable_table_example_renders_line_60_51" classname="io.instanto.domino.testing.GalleryStepsTest" time="0.5">
    <system-out><![CDATA[Cucumber: scenario_The_original_table_editable_table_example_renders_line_60_51
]]></system-out>
  </testcase>
  <testcase name="scenario_The_original_table_grouping_plugin_example_renders_line_62_53" classname="io.instanto.domino.testing.GalleryStepsTest" time="0.561">
    <system-out><![CDATA[Cucumber: scenario_The_original_table_grouping_plugin_example_renders_line_62_53
]]></system-out>
  </testcase>
  <testcase name="scenario_The_original_table_row_menu_plugin_example_renders_line_64_55" classname="io.instanto.domino.testing.GalleryStepsTest" time="0.57">
    <system-out><![CDATA[Cucumber: scenario_The_original_table_row_menu_plugin_example_renders_line_64_55
]]></system-out>
  </testcase>
  <testcase name="scenario_The_original_table_scroll_loading_example_renders_line_65_56" classname="io.instanto.domino.testing.GalleryStepsTest" time="0.582">
    <system-out><![CDATA[Cucumber: scenario_The_original_table_scroll_loading_example_renders_line_65_56
]]></system-out>
  </testcase>
  <testcase name="scenario_The_original_table_summary_plugin_example_renders_line_66_57" classname="io.instanto.domino.testing.GalleryStepsTest" time="0.872">
    <system-out><![CDATA[Cucumber: scenario_The_original_table_summary_plugin_example_renders_line_66_57
]]></system-out>
  </testcase>
  <testcase name="scenario_The_original_table_mix_plugins_example_renders_line_70_61" classname="io.instanto.domino.testing.GalleryStepsTest" time="0.544">
    <system-out><![CDATA[Cucumber: scenario_The_original_table_mix_plugins_example_renders_line_70_61
]]></system-out>
  </testcase>
  <testcase name="scenario_The_original_app_layout_example_renders_line_71_62" classname="io.instanto.domino.testing.GalleryStepsTest" time="0.482">
    <system-out><![CDATA[Cucumber: scenario_The_original_app_layout_example_renders_line_71_62
]]></system-out>
  </testcase>
  <testcase name="scenario_The_original_flex_layout_example_renders_line_72_63" classname="io.instanto.domino.testing.GalleryStepsTest" time="0.571">
    <system-out><![CDATA[Cucumber: scenario_The_original_flex_layout_example_renders_line_72_63
]]></system-out>
  </testcase>
  <testcase name="scenario_The_original_grid_layout_example_renders_line_73_64" classname="io.instanto.domino.testing.GalleryStepsTest" time="0.499">
    <system-out><![CDATA[Cucumber: scenario_The_original_grid_layout_example_renders_line_73_64
]]></system-out>
  </testcase>
  <testcase name="scenario_The_original_form_samples_example_renders_line_74_65" classname="io.instanto.domino.testing.GalleryStepsTest" time="1.088">
    <system-out><![CDATA[Cucumber: scenario_The_original_form_samples_example_renders_line_74_65
]]></system-out>
  </testcase>
  <testcase name="scenario_The_original_table_basic_data_table_example_renders_line_49_40" classname="io.instanto.domino.testing.GalleryStepsTest" time="0.539">
    <system-out><![CDATA[Cucumber: scenario_The_original_table_basic_data_table_example_renders_line_49_40
]]></system-out>
  </testcase>
  <testcase name="scenario_The_original_table_selection_plugin_example_renders_line_50_41" classname="io.instanto.domino.testing.GalleryStepsTest" time="0.641">
    <system-out><![CDATA[Cucumber: scenario_The_original_table_selection_plugin_example_renders_line_50_41
]]></system-out>
  </testcase>
  <testcase name="scenario_The_original_table_sort_and_search_plugin_example_renders_line_51_42" classname="io.instanto.domino.testing.GalleryStepsTest" time="0.5">
    <system-out><![CDATA[Cucumber: scenario_The_original_table_sort_and_search_plugin_example_renders_line_51_42
]]></system-out>
  </testcase>
  <testcase name="scenario_The_original_table_pagination_plugin_example_renders_line_52_43" classname="io.instanto.domino.testing.GalleryStepsTest" time="0.681">
    <system-out><![CDATA[Cucumber: scenario_The_original_table_pagination_plugin_example_renders_line_52_43
]]></system-out>
  </testcase>
  <testcase name="scenario_The_original_table_header_bar_plugin_example_renders_line_53_44" classname="io.instanto.domino.testing.GalleryStepsTest" time="0.6">
    <system-out><![CDATA[Cucumber: scenario_The_original_table_header_bar_plugin_example_renders_line_53_44
]]></system-out>
  </testcase>
  <testcase name="scenario_The_original_table_column_resize_plugin_example_renders_line_54_45" classname="io.instanto.domino.testing.GalleryStepsTest" time="0.659">
    <system-out><![CDATA[Cucumber: scenario_The_original_table_column_resize_plugin_example_renders_line_54_45
]]></system-out>
  </testcase>
  <testcase name="scenario_The_original_table_pin_columns_plugin_example_renders_line_55_46" classname="io.instanto.domino.testing.GalleryStepsTest" time="0.87">
    <system-out><![CDATA[Cucumber: scenario_The_original_table_pin_columns_plugin_example_renders_line_55_46
]]></system-out>
  </testcase>
  <testcase name="scenario_The_original_table_empty_state_plugin_example_renders_line_56_47" classname="io.instanto.domino.testing.GalleryStepsTest" time="0.553">
    <system-out><![CDATA[Cucumber: scenario_The_original_table_empty_state_plugin_example_renders_line_56_47
]]></system-out>
  </testcase>
  <testcase name="scenario_The_original_table_fixed_data_table_example_renders_line_57_48" classname="io.instanto.domino.testing.GalleryStepsTest" time="0.503">
    <system-out><![CDATA[Cucumber: scenario_The_original_table_fixed_data_table_example_renders_line_57_48
]]></system-out>
  </testcase>
  <testcase name="scenario_The_original_table_drag_drop_plugin_example_renders_line_61_52" classname="io.instanto.domino.testing.GalleryStepsTest" time="0.55">
    <system-out><![CDATA[Cucumber: scenario_The_original_table_drag_drop_plugin_example_renders_line_61_52
]]></system-out>
  </testcase>
  <testcase name="scenario_The_original_table_record_details_plugin_example_renders_line_63_54" classname="io.instanto.domino.testing.GalleryStepsTest" time="0.498">
    <system-out><![CDATA[Cucumber: scenario_The_original_table_record_details_plugin_example_renders_line_63_54
]]></system-out>
  </testcase>
  <testcase name="scenario_The_original_table_top_panel_plugin_example_renders_line_67_58" classname="io.instanto.domino.testing.GalleryStepsTest" time="0.517">
    <system-out><![CDATA[Cucumber: scenario_The_original_table_top_panel_plugin_example_renders_line_67_58
]]></system-out>
  </testcase>
  <testcase name="scenario_The_original_table_eager_tree_plugin_example_renders_line_68_59" classname="io.instanto.domino.testing.GalleryStepsTest" time="0.783">
    <system-out><![CDATA[Cucumber: scenario_The_original_table_eager_tree_plugin_example_renders_line_68_59
]]></system-out>
  </testcase>
  <testcase name="scenario_The_original_table_lazy_tree_plugin_example_renders_line_69_60" classname="io.instanto.domino.testing.GalleryStepsTest" time="0.916">
    <system-out><![CDATA[Cucumber: scenario_The_original_table_lazy_tree_plugin_example_renders_line_69_60
]]></system-out>
  </testcase>
  <testcase name="scenario_The_original_buttons_example_renders_line_9_0" classname="io.instanto.domino.testing.GalleryStepsTest" time="0.52">
    <system-out><![CDATA[Cucumber: scenario_The_original_buttons_example_renders_line_9_0
]]></system-out>
  </testcase>
  <testcase name="scenario_The_original_forms_example_renders_line_10_1" classname="io.instanto.domino.testing.GalleryStepsTest" time="0.602">
    <system-out><![CDATA[Cucumber: scenario_The_original_forms_example_renders_line_10_1
]]></system-out>
  </testcase>
  <testcase name="scenario_The_original_alerts_example_renders_line_12_3" classname="io.instanto.domino.testing.GalleryStepsTest" time="0.49">
    <system-out><![CDATA[Cucumber: scenario_The_original_alerts_example_renders_line_12_3
]]></system-out>
  </testcase>
  <testcase name="scenario_The_original_badges_example_renders_line_13_4" classname="io.instanto.domino.testing.GalleryStepsTest" time="0.531">
    <system-out><![CDATA[Cucumber: scenario_The_original_badges_example_renders_line_13_4
]]></system-out>
  </testcase>
  <testcase name="scenario_The_original_cards_example_renders_line_15_6" classname="io.instanto.domino.testing.GalleryStepsTest" time="1.371">
    <system-out><![CDATA[Cucumber: scenario_The_original_cards_example_renders_line_15_6
]]></system-out>
  </testcase>
  <testcase name="scenario_The_original_chips_example_renders_line_16_7" classname="io.instanto.domino.testing.GalleryStepsTest" time="0.502">
    <system-out><![CDATA[Cucumber: scenario_The_original_chips_example_renders_line_16_7
]]></system-out>
  </testcase>
  <testcase name="scenario_The_original_grids_example_renders_line_18_9" classname="io.instanto.domino.testing.GalleryStepsTest" time="0.67">
    <system-out><![CDATA[Cucumber: scenario_The_original_grids_example_renders_line_18_9
]]></system-out>
  </testcase>
  <testcase name="scenario_The_original_lists_example_renders_line_23_14" classname="io.instanto.domino.testing.GalleryStepsTest" time="0.687">
    <system-out><![CDATA[Cucumber: scenario_The_original_lists_example_renders_line_23_14
]]></system-out>
  </testcase>
  <testcase name="scenario_The_original_menu_example_renders_line_25_16" classname="io.instanto.domino.testing.GalleryStepsTest" time="0.626">
    <system-out><![CDATA[Cucumber: scenario_The_original_menu_example_renders_line_25_16
]]></system-out>
  </testcase>
  <testcase name="scenario_The_original_spin_example_renders_line_32_23" classname="io.instanto.domino.testing.GalleryStepsTest" time="0.6">
    <system-out><![CDATA[Cucumber: scenario_The_original_spin_example_renders_line_32_23
]]></system-out>
  </testcase>
  <testcase name="scenario_The_original_tabs_example_renders_line_35_26" classname="io.instanto.domino.testing.GalleryStepsTest" time="1.566">
    <system-out><![CDATA[Cucumber: scenario_The_original_tabs_example_renders_line_35_26
]]></system-out>
  </testcase>
  <testcase name="scenario_The_original_waves_example_renders_line_38_29" classname="io.instanto.domino.testing.GalleryStepsTest" time="0.6">
    <system-out><![CDATA[Cucumber: scenario_The_original_waves_example_renders_line_38_29
]]></system-out>
  </testcase>
  <testcase name="scenario_The_original_tree_example_renders_line_41_32" classname="io.instanto.domino.testing.GalleryStepsTest" time="0.571">
    <system-out><![CDATA[Cucumber: scenario_The_original_tree_example_renders_line_41_32
]]></system-out>
  </testcase>
  <testcase name="scenario_The_original_media_example_renders_line_45_36" classname="io.instanto.domino.testing.GalleryStepsTest" time="0.534">
    <system-out><![CDATA[Cucumber: scenario_The_original_media_example_renders_line_45_36
]]></system-out>
  </testcase>
  <testcase name="scenario_The_original_dnd_example_renders_line_48_39" classname="io.instanto.domino.testing.GalleryStepsTest" time="0.526">
    <system-out><![CDATA[Cucumber: scenario_The_original_dnd_example_renders_line_48_39
]]></system-out>
  </testcase>
</testsuite>