<?xml version="1.0" encoding="UTF-8"?>
<testsuite xmlns:xsi="http://www.w3.org/2001/XMLSchema-instance" xsi:noNamespaceSchemaLocation="https://maven.apache.org/surefire/maven-surefire-plugin/xsd/surefire-test-report.xsd" version="3.0.2" name="io.instanto.domino.testing.NativeStepsTest" time="0.53" tests="1" errors="0" skipped="0" failures="0" flakes="0">
  <testcase name="scenario_Native_values_asynchronous_APIs_files_and_history_work_together_line_3_0" classname="io.instanto.domino.testing.NativeStepsTest" time="0.428">
    <system-out><![CDATA[Cucumber: scenario_Native_values_asynchronous_APIs_files_and_history_work_together_line_3_0
]]></system-out>
  </testcase>
</testsuite>