<?xml version="1.0" encoding="UTF-8"?>
<testsuite xmlns:xsi="http://www.w3.org/2001/XMLSchema-instance" xsi:noNamespaceSchemaLocation="https://maven.apache.org/surefire/maven-surefire-plugin/xsd/surefire-test-report.xsd" version="3.0.2" name="io.instanto.domino.testing.GalleryStepsTest" time="14.376" tests="66" errors="0" skipped="0" failures="0" flakes="0">
  <testcase name="scenario_The_original_buttons_example_renders_line_9_0" classname="io.instanto.domino.testing.GalleryStepsTest" time="0.237">
    <system-out><![CDATA[Cucumber: scenario_The_original_buttons_example_renders_line_9_0
]]></system-out>
  </testcase>
  <testcase name="scenario_The_original_forms_example_renders_line_10_1" classname="io.instanto.domino.testing.GalleryStepsTest" time="0.197">
    <system-out><![CDATA[Cucumber: scenario_The_original_forms_example_renders_line_10_1
]]></system-out>
  </testcase>
  <testcase name="scenario_The_original_alerts_example_renders_line_12_3" classname="io.instanto.domino.testing.GalleryStepsTest" time="0.15">
    <system-out><![CDATA[Cucumber: scenario_The_original_alerts_example_renders_line_12_3
]]></system-out>
  </testcase>
  <testcase name="scenario_The_original_badges_example_renders_line_13_4" classname="io.instanto.domino.testing.GalleryStepsTest" time="0.148">
    <system-out><![CDATA[Cucumber: scenario_The_original_badges_example_renders_line_13_4
]]></system-out>
  </testcase>
  <testcase name="scenario_The_original_cards_example_renders_line_15_6" classname="io.instanto.domino.testing.GalleryStepsTest" time="0.184">
    <system-out><![CDATA[Cucumber: scenario_The_original_cards_example_renders_line_15_6
]]></system-out>
  </testcase>
  <testcase name="scenario_The_original_chips_example_renders_line_16_7" classname="io.instanto.domino.testing.GalleryStepsTest" time="0.167">
    <system-out><![CDATA[Cucumber: scenario_The_original_chips_example_renders_line_16_7
]]></system-out>
  </testcase>
  <testcase name="scenario_The_original_grids_example_renders_line_18_9" classname="io.instanto.domino.testing.GalleryStepsTest" time="0.2">
    <system-out><![CDATA[Cucumber: scenario_The_original_grids_example_renders_line_18_9
]]></system-out>
  </testcase>
  <testcase name="scenario_The_original_lists_example_renders_line_23_14" classname="io.instanto.domino.testing.GalleryStepsTest" time="0.233">
    <system-out><![CDATA[Cucumber: scenario_The_original_lists_example_renders_line_23_14
]]></system-out>
  </testcase>
  <testcase name="scenario_The_original_menu_example_renders_line_25_16" classname="io.instanto.domino.testing.GalleryStepsTest" time="0.198">
    <system-out><![CDATA[Cucumber: scenario_The_original_menu_example_renders_line_25_16
]]></system-out>
  </testcase>
  <testcase name="scenario_The_original_spin_example_renders_line_32_23" classname="io.instanto.domino.testing.GalleryStepsTest" time="0.15">
    <system-out><![CDATA[Cucumber: scenario_The_original_spin_example_renders_line_32_23
]]></system-out>
  </testcase>
  <testcase name="scenario_The_original_tabs_example_renders_line_35_26" classname="io.instanto.domino.testing.GalleryStepsTest" time="0.183">
    <system-out><![CDATA[Cucumber: scenario_The_original_tabs_example_renders_line_35_26
]]></system-out>
  </testcase>
  <testcase name="scenario_The_original_waves_example_renders_line_38_29" classname="io.instanto.domino.testing.GalleryStepsTest" time="0.184">
    <system-out><![CDATA[Cucumber: scenario_The_original_waves_example_renders_line_38_29
]]></system-out>
  </testcase>
  <testcase name="scenario_The_original_tree_example_renders_line_41_32" classname="io.instanto.domino.testing.GalleryStepsTest" time="0.218">
    <system-out><![CDATA[Cucumber: scenario_The_original_tree_example_renders_line_41_32
]]></system-out>
  </testcase>
  <testcase name="scenario_The_original_media_example_renders_line_45_36" classname="io.instanto.domino.testing.GalleryStepsTest" time="0.148">
    <system-out><![CDATA[Cucumber: scenario_The_original_media_example_renders_line_45_36
]]></system-out>
  </testcase>
  <testcase name="scenario_The_original_dnd_example_renders_line_48_39" classname="io.instanto.domino.testing.GalleryStepsTest" time="0.151">
    <system-out><![CDATA[Cucumber: scenario_The_original_dnd_example_renders_line_48_39
]]></system-out>
  </testcase>
  <testcase name="scenario_The_original_table_basic_data_table_example_renders_line_49_40" classname="io.instanto.domino.testing.GalleryStepsTest" time="0.2">
    <system-out><![CDATA[Cucumber: scenario_The_original_table_basic_data_table_example_renders_line_49_40
]]></system-out>
  </testcase>
  <testcase name="scenario_The_original_table_selection_plugin_example_renders_line_50_41" classname="io.instanto.domino.testing.GalleryStepsTest" time="0.231">
    <system-out><![CDATA[Cucumber: scenario_The_original_table_selection_plugin_example_renders_line_50_41
]]></system-out>
  </testcase>
  <testcase name="scenario_The_original_table_sort_and_search_plugin_example_renders_line_51_42" classname="io.instanto.domino.testing.GalleryStepsTest" time="0.216">
    <system-out><![CDATA[Cucumber: scenario_The_original_table_sort_and_search_plugin_example_renders_line_51_42
]]></system-out>
  </testcase>
  <testcase name="scenario_The_original_table_pagination_plugin_example_renders_line_52_43" classname="io.instanto.domino.testing.GalleryStepsTest" time="0.221">
    <system-out><![CDATA[Cucumber: scenario_The_original_table_pagination_plugin_example_renders_line_52_43
]]></system-out>
  </testcase>
  <testcase name="scenario_The_original_table_header_bar_plugin_example_renders_line_53_44" classname="io.instanto.domino.testing.GalleryStepsTest" time="0.211">
    <system-out><![CDATA[Cucumber: scenario_The_original_table_header_bar_plugin_example_renders_line_53_44
]]></system-out>
  </testcase>
  <testcase name="scenario_The_original_table_column_resize_plugin_example_renders_line_54_45" classname="io.instanto.domino.testing.GalleryStepsTest" time="0.217">
    <system-out><![CDATA[Cucumber: scenario_The_original_table_column_resize_plugin_example_renders_line_54_45
]]></system-out>
  </testcase>
  <testcase name="scenario_The_original_table_pin_columns_plugin_example_renders_line_55_46" classname="io.instanto.domino.testing.GalleryStepsTest" time="0.199">
    <system-out><![CDATA[Cucumber: scenario_The_original_table_pin_columns_plugin_example_renders_line_55_46
]]></system-out>
  </testcase>
  <testcase name="scenario_The_original_table_empty_state_plugin_example_renders_line_56_47" classname="io.instanto.domino.testing.GalleryStepsTest" time="0.149">
    <system-out><![CDATA[Cucumber: scenario_The_original_table_empty_state_plugin_example_renders_line_56_47
]]></system-out>
  </testcase>
  <testcase name="scenario_The_original_table_fixed_data_table_example_renders_line_57_48" classname="io.instanto.domino.testing.GalleryStepsTest" time="0.168">
    <system-out><![CDATA[Cucumber: scenario_The_original_table_fixed_data_table_example_renders_line_57_48
]]></system-out>
  </testcase>
  <testcase name="scenario_The_original_table_drag_drop_plugin_example_renders_line_61_52" classname="io.instanto.domino.testing.GalleryStepsTest" time="0.215">
    <system-out><![CDATA[Cucumber: scenario_The_original_table_drag_drop_plugin_example_renders_line_61_52
]]></system-out>
  </testcase>
  <testcase name="scenario_The_original_table_record_details_plugin_example_renders_line_63_54" classname="io.instanto.domino.testing.GalleryStepsTest" time="0.168">
    <system-out><![CDATA[Cucumber: scenario_The_original_table_record_details_plugin_example_renders_line_63_54
]]></system-out>
  </testcase>
  <testcase name="scenario_The_original_table_top_panel_plugin_example_renders_line_67_58" classname="io.instanto.domino.testing.GalleryStepsTest" time="0.2">
    <system-out><![CDATA[Cucumber: scenario_The_original_table_top_panel_plugin_example_renders_line_67_58
]]></system-out>
  </testcase>
  <testcase name="scenario_The_original_table_eager_tree_plugin_example_renders_line_68_59" classname="io.instanto.domino.testing.GalleryStepsTest" time="0.315">
    <system-out><![CDATA[Cucumber: scenario_The_original_table_eager_tree_plugin_example_renders_line_68_59
]]></system-out>
  </testcase>
  <testcase name="scenario_The_original_table_lazy_tree_plugin_example_renders_line_69_60" classname="io.instanto.domino.testing.GalleryStepsTest" time="0.368">
    <system-out><![CDATA[Cucumber: scenario_The_original_table_lazy_tree_plugin_example_renders_line_69_60
]]></system-out>
  </testcase>
  <testcase name="scenario_The_original_dialogs_example_renders_line_11_2" classname="io.instanto.domino.testing.GalleryStepsTest" time="0.148">
    <system-out><![CDATA[Cucumber: scenario_The_original_dialogs_example_renders_line_11_2
browser stderr: [45373:870177:0923/155638.176081:VERBOSE1:chrome/updater/updater.cc:374] Version: 152.0.7933.0, opt, ARM_64, command line: ~/Library/Application Support/Google/GoogleUpdater/152.0.7933.0/GoogleUpdater.app/Contents/MacOS/GoogleUpdater --wake-all --enable-logging --vmodule=*/components/update_client/*=2,*/chrome/enterprise_companion/*=2,*/chrome/updater/*=2
browser stderr: [45373:870177:0923/155638.176498:VERBOSE1:chrome/updater/updater.cc:377] OS version: 27.0.0, arch: arm64, System uptime (seconds): 30401, parent pid: 45231
browser stderr: [45373:870177:0923/155638.177875:VERBOSE1:chrome/updater/updater.cc:382] Available disk space in install directory (~/Library/Application Support/Google/GoogleUpdater): 196061474816B (182.596GiB) / 494384795648B (460.432GiB)
browser stderr: [45373:870177:0923/155638.177888:VERBOSE1:chrome/updater/updater.cc:386] Available disk space in temporary directory (/var/folders/96/mc34q07j3fd43kdczb2f5c2h0000gn/T/): 196061474816B (182.596GiB) / 494384795648B (460.432GiB)
browser stderr: [45373:870177:0923/155638.177950:VERBOSE2:chrome/updater/event_history.cc:265] Emitted a UPDATER_PROCESS START event to the history log
browser stderr: [45375:870181:0923/155638.185343:VERBOSE1:chrome/updater/updater.cc:374] Version: 152.0.7933.0, opt, ARM_64, command line: ~/Library/Application Support/Google/GoogleUpdater/152.0.7933.0/GoogleUpdater.app/Contents/MacOS/GoogleUpdater --crash-handler --database=~/Library/Application Support/Google/GoogleUpdater/152.0.7933.0/Crashpad --url=https://clients2.google.com/cr/report --annotation=prod=Update4 --annotation=ver=152.0.7933.0 --handshake-fd=6 --enable-logging --vmodule=*/components/update_client/*=2,*/chrome/enterprise_companion/*=2,*/chrome/updater/*=2
browser stderr: [45375:870181:0923/155638.185819:VERBOSE1:chrome/updater/updater.cc:377] OS version: 27.0.0, arch: arm64, System uptime (seconds): 30401, parent pid: 1
browser stderr: [45375:870181:0923/155638.187166:VERBOSE1:chrome/updater/updater.cc:382] Available disk space in install directory (~/Library/Application Support/Google/GoogleUpdater): 196061474816B (182.596GiB) / 494384795648B (460.432GiB)
browser stderr: [45375:870181:0923/155638.187178:VERBOSE1:chrome/updater/updater.cc:386] Available disk space in temporary directory (/var/folders/96/mc34q07j3fd43kdczb2f5c2h0000gn/T/): 196061474816B (182.596GiB) / 494384795648B (460.432GiB)
browser stderr: [45375:870181:0923/155638.187247:VERBOSE2:chrome/updater/event_history.cc:265] Emitted a UPDATER_PROCESS START event to the history log
browser stderr: [45373:870177:0923/155638.187591:VERBOSE1:chrome/updater/crash_reporter.cc:124] Crash handler launched and ready.
browser stderr: [45373:870177:0923/155638.188058:VERBOSE1:chrome/updater/crash_client.cc:108] Found 0 completed crash reports
browser stderr: [45373:870177:0923/155638.188108:VERBOSE1:chrome/updater/crash_client.cc:132] Found 0 pending crash reports
browser stderr: [45373:870177:0923/155638.188157:ERROR:third_party/crashpad/crashpad/util/file/file_io_posix.cc:145] open ~/Library/Application Support/Google/RLZ/Crashpad/settings.dat: No such file or directory (2)
browser stderr: [45373:870177:0923/155638.188195:VERBOSE1:chrome/updater/updater.cc:105] Crash reporting initialized.
browser stderr: [45373:870189:0923/155638.188419:VERBOSE1:chrome/updater/app/app_wakeall.cc:58] Launching `~/Library/Application Support/Google/GoogleUpdater/152.0.7933.0/GoogleUpdater.app/Contents/MacOS/GoogleUpdater --wake`
browser stderr: [45376:870193:0923/155638.195442:VERBOSE1:chrome/updater/updater.cc:374] Version: 152.0.7933.0, opt, ARM_64, command line: ~/Library/Application Support/Google/GoogleUpdater/152.0.7933.0/GoogleUpdater.app/Contents/MacOS/GoogleUpdater --wake --enable-logging --vmodule=*/components/update_client/*=2,*/chrome/enterprise_companion/*=2,*/chrome/updater/*=2
browser stderr: [45376:870193:0923/155638.195861:VERBOSE1:chrome/updater/updater.cc:377] OS version: 27.0.0, arch: arm64, System uptime (seconds): 30401, parent pid: 45373
browser stderr: [45376:870193:0923/155638.197315:VERBOSE1:chrome/updater/updater.cc:382] Available disk space in install directory (~/Library/Application Support/Google/GoogleUpdater): 196061474816B (182.596GiB) / 494384795648B (460.432GiB)
browser stderr: [45376:870193:0923/155638.197326:VERBOSE1:chrome/updater/updater.cc:386] Available disk space in temporary directory (/var/folders/96/mc34q07j3fd43kdczb2f5c2h0000gn/T/): 196061474816B (182.596GiB) / 494384795648B (460.432GiB)
browser stderr: [45376:870193:0923/155638.197381:VERBOSE2:chrome/updater/event_history.cc:265] Emitted a UPDATER_PROCESS START event to the history log
browser stderr: [45378:870197:0923/155638.203929:VERBOSE1:chrome/updater/updater.cc:374] Version: 152.0.7933.0, opt, ARM_64, command line: ~/Library/Application Support/Google/GoogleUpdater/152.0.7933.0/GoogleUpdater.app/Contents/MacOS/GoogleUpdater --crash-handler --database=~/Library/Application Support/Google/GoogleUpdater/152.0.7933.0/Crashpad --url=https://clients2.google.com/cr/report --annotation=prod=Update4 --annotation=ver=152.0.7933.0 --handshake-fd=6 --enable-logging --vmodule=*/components/update_client/*=2,*/chrome/enterprise_companion/*=2,*/chrome/updater/*=2
browser stderr: [45378:870197:0923/155638.204297:VERBOSE1:chrome/updater/updater.cc:377] OS version: 27.0.0, arch: arm64, System uptime (seconds): 30401, parent pid: 1
browser stderr: [45378:870197:0923/155638.205452:VERBOSE1:chrome/updater/updater.cc:382] Available disk space in install directory (~/Library/Application Support/Google/GoogleUpdater): 196061474816B (182.596GiB) / 494384795648B (460.432GiB)
browser stderr: [45378:870197:0923/155638.205462:VERBOSE1:chrome/updater/updater.cc:386] Available disk space in temporary directory (/var/folders/96/mc34q07j3fd43kdczb2f5c2h0000gn/T/): 196061474816B (182.596GiB) / 494384795648B (460.432GiB)
browser stderr: [45378:870197:0923/155638.205522:VERBOSE2:chrome/updater/event_history.cc:265] Emitted a UPDATER_PROCESS START event to the history log
browser stderr: [45376:870193:0923/155638.205929:VERBOSE1:chrome/updater/crash_reporter.cc:124] Crash handler launched and ready.
browser stderr: [45376:870193:0923/155638.206356:VERBOSE1:chrome/updater/crash_client.cc:108] Found 0 completed crash reports
browser stderr: [45376:870193:0923/155638.206404:VERBOSE1:chrome/updater/crash_client.cc:132] Found 0 pending crash reports
browser stderr: [45376:870193:0923/155638.206451:ERROR:third_party/crashpad/crashpad/util/file/file_io_posix.cc:145] open ~/Library/Application Support/Google/RLZ/Crashpad/settings.dat: No such file or directory (2)
browser stderr: [45376:870193:0923/155638.206486:VERBOSE1:chrome/updater/updater.cc:105] Crash reporting initialized.
browser stderr: [45376:870193:0923/155638.206619:VERBOSE1:chrome/updater/ipc/update_service_internal_proxy_mojo.cc:61] Run
]]></system-out>
  </testcase>
  <testcase name="scenario_The_original_breadcrumb_example_renders_line_14_5" classname="io.instanto.domino.testing.GalleryStepsTest" time="0.151">
    <system-out><![CDATA[Cucumber: scenario_The_original_breadcrumb_example_renders_line_14_5
]]></system-out>
  </testcase>
  <testcase name="scenario_The_original_collapse_example_renders_line_17_8" classname="io.instanto.domino.testing.GalleryStepsTest" time="0.234">
    <system-out><![CDATA[Cucumber: scenario_The_original_collapse_example_renders_line_17_8
]]></system-out>
  </testcase>
  <testcase name="scenario_The_original_helpers_example_renders_line_19_10" classname="io.instanto.domino.testing.GalleryStepsTest" time="0.216">
    <system-out><![CDATA[Cucumber: scenario_The_original_helpers_example_renders_line_19_10
]]></system-out>
  </testcase>
  <testcase name="scenario_The_original_infobox_example_renders_line_20_11" classname="io.instanto.domino.testing.GalleryStepsTest" time="0.182">
    <system-out><![CDATA[Cucumber: scenario_The_original_infobox_example_renders_line_20_11
]]></system-out>
  </testcase>
  <testcase name="scenario_The_original_inputfields_example_renders_line_21_12" classname="io.instanto.domino.testing.GalleryStepsTest" time="0.168">
    <system-out><![CDATA[Cucumber: scenario_The_original_inputfields_example_renders_line_21_12
]]></system-out>
  </testcase>
  <testcase name="scenario_The_original_labels_example_renders_line_22_13" classname="io.instanto.domino.testing.GalleryStepsTest" time="0.167">
    <system-out><![CDATA[Cucumber: scenario_The_original_labels_example_renders_line_22_13
]]></system-out>
  </testcase>
  <testcase name="scenario_The_original_loaders_example_renders_line_24_15" classname="io.instanto.domino.testing.GalleryStepsTest" time="0.151">
    <system-out><![CDATA[Cucumber: scenario_The_original_loaders_example_renders_line_24_15
]]></system-out>
  </testcase>
  <testcase name="scenario_The_original_notifications_example_renders_line_26_17" classname="io.instanto.domino.testing.GalleryStepsTest" time="0.166">
    <system-out><![CDATA[Cucumber: scenario_The_original_notifications_example_renders_line_26_17
]]></system-out>
  </testcase>
  <testcase name="scenario_The_original_pagination_example_renders_line_27_18" classname="io.instanto.domino.testing.GalleryStepsTest" time="0.198">
    <system-out><![CDATA[Cucumber: scenario_The_original_pagination_example_renders_line_27_18
]]></system-out>
  </testcase>
  <testcase name="scenario_The_original_popover_example_renders_line_28_19" classname="io.instanto.domino.testing.GalleryStepsTest" time="0.166">
    <system-out><![CDATA[Cucumber: scenario_The_original_popover_example_renders_line_28_19
]]></system-out>
  </testcase>
  <testcase name="scenario_The_original_preloaders_example_renders_line_29_20" classname="io.instanto.domino.testing.GalleryStepsTest" time="0.149">
    <system-out><![CDATA[Cucumber: scenario_The_original_preloaders_example_renders_line_29_20
]]></system-out>
  </testcase>
  <testcase name="scenario_The_original_progress_example_renders_line_30_21" classname="io.instanto.domino.testing.GalleryStepsTest" time="0.151">
    <system-out><![CDATA[Cucumber: scenario_The_original_progress_example_renders_line_30_21
]]></system-out>
  </testcase>
  <testcase name="scenario_The_original_sliders_example_renders_line_31_22" classname="io.instanto.domino.testing.GalleryStepsTest" time="0.182">
    <system-out><![CDATA[Cucumber: scenario_The_original_sliders_example_renders_line_31_22
]]></system-out>
  </testcase>
  <testcase name="scenario_The_original_splitPanel_example_renders_line_33_24" classname="io.instanto.domino.testing.GalleryStepsTest" time="0.166">
    <system-out><![CDATA[Cucumber: scenario_The_original_splitPanel_example_renders_line_33_24
]]></system-out>
  </testcase>
  <testcase name="scenario_The_original_steppers_example_renders_line_34_25" classname="io.instanto.domino.testing.GalleryStepsTest" time="0.199">
    <system-out><![CDATA[Cucumber: scenario_The_original_steppers_example_renders_line_34_25
]]></system-out>
  </testcase>
  <testcase name="scenario_The_original_timepicker_example_renders_line_36_27" classname="io.instanto.domino.testing.GalleryStepsTest" time="0.903">
    <system-out><![CDATA[Cucumber: scenario_The_original_timepicker_example_renders_line_36_27
]]></system-out>
  </testcase>
  <testcase name="scenario_The_original_typography_example_renders_line_37_28" classname="io.instanto.domino.testing.GalleryStepsTest" time="0.217">
    <system-out><![CDATA[Cucumber: scenario_The_original_typography_example_renders_line_37_28
]]></system-out>
  </testcase>
  <testcase name="scenario_The_original_datepicker_example_renders_line_39_30" classname="io.instanto.domino.testing.GalleryStepsTest" time="0.35">
    <system-out><![CDATA[Cucumber: scenario_The_original_datepicker_example_renders_line_39_30
]]></system-out>
  </testcase>
  <testcase name="scenario_The_original_formsvalidations_example_renders_line_40_31" classname="io.instanto.domino.testing.GalleryStepsTest" time="0.201">
    <system-out><![CDATA[Cucumber: scenario_The_original_formsvalidations_example_renders_line_40_31
]]></system-out>
  </testcase>
  <testcase name="scenario_The_original_advanced_forms_example_renders_line_42_33" classname="io.instanto.domino.testing.GalleryStepsTest" time="0.246">
    <system-out><![CDATA[Cucumber: scenario_The_original_advanced_forms_example_renders_line_42_33
]]></system-out>
  </testcase>
  <testcase name="scenario_The_original_animation_example_renders_line_43_34" classname="io.instanto.domino.testing.GalleryStepsTest" time="0.169">
    <system-out><![CDATA[Cucumber: scenario_The_original_animation_example_renders_line_43_34
]]></system-out>
  </testcase>
  <testcase name="scenario_The_original_carousel_example_renders_line_44_35" classname="io.instanto.domino.testing.GalleryStepsTest" time="0.215">
    <system-out><![CDATA[Cucumber: scenario_The_original_carousel_example_renders_line_44_35
]]></system-out>
  </testcase>
  <testcase name="scenario_The_original_thumbnails_example_renders_line_46_37" classname="io.instanto.domino.testing.GalleryStepsTest" time="0.166">
    <system-out><![CDATA[Cucumber: scenario_The_original_thumbnails_example_renders_line_46_37
]]></system-out>
  </testcase>
  <testcase name="scenario_The_original_modals_example_renders_line_47_38" classname="io.instanto.domino.testing.GalleryStepsTest" time="0.251">
    <system-out><![CDATA[Cucumber: scenario_The_original_modals_example_renders_line_47_38
]]></system-out>
  </testcase>
  <testcase name="scenario_The_original_table_marker_plugin_example_renders_line_58_49" classname="io.instanto.domino.testing.GalleryStepsTest" time="0.215">
    <system-out><![CDATA[Cucumber: scenario_The_original_table_marker_plugin_example_renders_line_58_49
browser stderr: [45231:868680:0923/155643.811231:ERROR:google_apis/gcm/engine/registration_request.cc:291] Registration response error message: DEPRECATED_ENDPOINT
]]></system-out>
  </testcase>
  <testcase name="scenario_The_original_table_columns_groups_example_renders_line_59_50" classname="io.instanto.domino.testing.GalleryStepsTest" time="0.225">
    <system-out><![CDATA[Cucumber: scenario_The_original_table_columns_groups_example_renders_line_59_50
]]></system-out>
  </testcase>
  <testcase name="scenario_The_original_table_editable_table_example_renders_line_60_51" classname="io.instanto.domino.testing.GalleryStepsTest" time="0.212">
    <system-out><![CDATA[Cucumber: scenario_The_original_table_editable_table_example_renders_line_60_51
]]></system-out>
  </testcase>
  <testcase name="scenario_The_original_table_grouping_plugin_example_renders_line_62_53" classname="io.instanto.domino.testing.GalleryStepsTest" time="0.216">
    <system-out><![CDATA[Cucumber: scenario_The_original_table_grouping_plugin_example_renders_line_62_53
]]></system-out>
  </testcase>
  <testcase name="scenario_The_original_table_row_menu_plugin_example_renders_line_64_55" classname="io.instanto.domino.testing.GalleryStepsTest" time="0.215">
    <system-out><![CDATA[Cucumber: scenario_The_original_table_row_menu_plugin_example_renders_line_64_55
]]></system-out>
  </testcase>
  <testcase name="scenario_The_original_table_scroll_loading_example_renders_line_65_56" classname="io.instanto.domino.testing.GalleryStepsTest" time="0.231">
    <system-out><![CDATA[Cucumber: scenario_The_original_table_scroll_loading_example_renders_line_65_56
]]></system-out>
  </testcase>
  <testcase name="scenario_The_original_table_summary_plugin_example_renders_line_66_57" classname="io.instanto.domino.testing.GalleryStepsTest" time="0.199">
    <system-out><![CDATA[Cucumber: scenario_The_original_table_summary_plugin_example_renders_line_66_57
]]></system-out>
  </testcase>
  <testcase name="scenario_The_original_table_mix_plugins_example_renders_line_70_61" classname="io.instanto.domino.testing.GalleryStepsTest" time="0.219">
    <system-out><![CDATA[Cucumber: scenario_The_original_table_mix_plugins_example_renders_line_70_61
]]></system-out>
  </testcase>
  <testcase name="scenario_The_original_app_layout_example_renders_line_71_62" classname="io.instanto.domino.testing.GalleryStepsTest" time="0.166">
    <system-out><![CDATA[Cucumber: scenario_The_original_app_layout_example_renders_line_71_62
]]></system-out>
  </testcase>
  <testcase name="scenario_The_original_flex_layout_example_renders_line_72_63" classname="io.instanto.domino.testing.GalleryStepsTest" time="0.2">
    <system-out><![CDATA[Cucumber: scenario_The_original_flex_layout_example_renders_line_72_63
]]></system-out>
  </testcase>
  <testcase name="scenario_The_original_grid_layout_example_renders_line_73_64" classname="io.instanto.domino.testing.GalleryStepsTest" time="0.182">
    <system-out><![CDATA[Cucumber: scenario_The_original_grid_layout_example_renders_line_73_64
]]></system-out>
  </testcase>
  <testcase name="scenario_The_original_form_samples_example_renders_line_74_65" classname="io.instanto.domino.testing.GalleryStepsTest" time="0.318">
    <system-out><![CDATA[Cucumber: scenario_The_original_form_samples_example_renders_line_74_65
]]></system-out>
  </testcase>
</testsuite>