<?xml version="1.0" encoding="UTF-8"?>
<testsuite xmlns:xsi="http://www.w3.org/2001/XMLSchema-instance" xsi:noNamespaceSchemaLocation="https://maven.apache.org/surefire/maven-surefire-plugin/xsd/surefire-test-report.xsd" version="3.0.2" name="io.instanto.domino.testing.WidgetStepsTest" time="4.832" tests="21" errors="0" skipped="0" failures="0" flakes="0">
  <properties>
[...]
</properties>
  <testcase name="scenario_Button_handlers_survive_reattachment_and_can_be_removed_line_6_0" classname="io.instanto.domino.testing.WidgetStepsTest" time="0.116">
    <system-out><![CDATA[Cucumber: scenario_Button_handlers_survive_reattachment_and_can_be_removed_line_6_0
]]></system-out>
  </testcase>
  <testcase name="scenario_All_four_widgets_remain_usable_after_repeated_screen_attachment_line_51_7" classname="io.instanto.domino.testing.WidgetStepsTest" time="0.087">
    <system-out><![CDATA[Cucumber: scenario_All_four_widgets_remain_usable_after_repeated_screen_attachment_line_51_7
]]></system-out>
  </testcase>
  <testcase name="scenario_Original_button_examples_show_sizes_disabled_states_and_groups_line_63_8" classname="io.instanto.domino.testing.WidgetStepsTest" time="0.153">
    <system-out><![CDATA[Cucumber: scenario_Original_button_examples_show_sizes_disabled_states_and_groups_line_63_8
]]></system-out>
  </testcase>
  <testcase name="scenario_Original_form_examples_accept_text_and_show_a_textarea_line_67_9" classname="io.instanto.domino.testing.WidgetStepsTest" time="0.163">
    <system-out><![CDATA[Cucumber: scenario_Original_form_examples_accept_text_and_show_a_textarea_line_67_9
]]></system-out>
  </testcase>
  <testcase name="scenario_Dialogs_open_and_close_repeatedly_line_23_2" classname="io.instanto.domino.testing.WidgetStepsTest" time="0.077">
    <system-out><![CDATA[Cucumber: scenario_Dialogs_open_and_close_repeatedly_line_23_2
]]></system-out>
  </testcase>
  <testcase name="scenario_Tables_render_and_replace_records_line_27_3" classname="io.instanto.domino.testing.WidgetStepsTest" time="0.09">
    <system-out><![CDATA[Cucumber: scenario_Tables_render_and_replace_records_line_27_3
]]></system-out>
  </testcase>
  <testcase name="scenario_Required_input_validation_line_16_1" classname="io.instanto.domino.testing.WidgetStepsTest" time="0.084">
    <system-out><![CDATA[Cucumber: scenario_Required_input_validation_line_16_1
]]></system-out>
  </testcase>
  <testcase name="scenario_Inputs_emit_value_changes_line_34_4" classname="io.instanto.domino.testing.WidgetStepsTest" time="0.083">
    <system-out><![CDATA[Cucumber: scenario_Inputs_emit_value_changes_line_34_4
]]></system-out>
  </testcase>
  <testcase name="scenario_Escape_dismisses_a_dialog_line_47_6" classname="io.instanto.domino.testing.WidgetStepsTest" time="0.082">
    <system-out><![CDATA[Cucumber: scenario_Escape_dismisses_a_dialog_line_47_6
]]></system-out>
  </testcase>
  <testcase name="scenario_Tabs_switch_visible_content_line_8_12" classname="io.instanto.domino.testing.WidgetStepsTest" time="0.087">
    <system-out><![CDATA[Cucumber: scenario_Tabs_switch_visible_content_line_8_12
]]></system-out>
  </testcase>
  <testcase name="scenario_Tables_support_selection_and_filtering_line_39_5" classname="io.instanto.domino.testing.WidgetStepsTest" time="0.079">
    <system-out><![CDATA[Cucumber: scenario_Tables_support_selection_and_filtering_line_39_5
]]></system-out>
  </testcase>
  <testcase name="scenario_Original_message_dialogs_open_and_dismiss_line_72_10" classname="io.instanto.domino.testing.WidgetStepsTest" time="0.301">
    <system-out><![CDATA[Cucumber: scenario_Original_message_dialogs_open_and_dismiss_line_72_10
]]></system-out>
  </testcase>
  <testcase name="scenario_Removing_a_chip_changes_the_widget_DOM_line_3_11" classname="io.instanto.domino.testing.WidgetStepsTest" time="0.099">
    <system-out><![CDATA[Cucumber: scenario_Removing_a_chip_changes_the_widget_DOM_line_3_11
]]></system-out>
  </testcase>
  <testcase name="scenario_Calendars_select_a_day_and_navigate_months_line_13_13" classname="io.instanto.domino.testing.WidgetStepsTest" time="0.204">
    <system-out><![CDATA[Cucumber: scenario_Calendars_select_a_day_and_navigate_months_line_13_13
]]></system-out>
  </testcase>
  <testcase name="scenario_Numeric_fields_accept_changed_values_line_18_14" classname="io.instanto.domino.testing.WidgetStepsTest" time="0.088">
    <system-out><![CDATA[Cucumber: scenario_Numeric_fields_accept_changed_values_line_18_14
]]></system-out>
  </testcase>
  <testcase name="scenario_Original_table_rows_can_be_selected_and_deselected_line_23_15" classname="io.instanto.domino.testing.WidgetStepsTest" time="0.111">
    <system-out><![CDATA[Cucumber: scenario_Original_table_rows_can_be_selected_and_deselected_line_23_15
]]></system-out>
  </testcase>
  <testcase name="scenario_Original_table_pagination_changes_records_line_28_16" classname="io.instanto.domino.testing.WidgetStepsTest" time="0.123">
    <system-out><![CDATA[Cucumber: scenario_Original_table_pagination_changes_records_line_28_16
]]></system-out>
  </testcase>
  <testcase name="scenario_Trees_expand_and_collapse_nested_content_line_33_17" classname="io.instanto.domino.testing.WidgetStepsTest" time="0.787">
    <system-out><![CDATA[Cucumber: scenario_Trees_expand_and_collapse_nested_content_line_33_17
]]></system-out>
  </testcase>
  <testcase name="scenario_Rich_text_can_be_edited_read_as_HTML_and_reset_line_38_18" classname="io.instanto.domino.testing.WidgetStepsTest" time="0.109">
    <system-out><![CDATA[Cucumber: scenario_Rich_text_can_be_edited_read_as_HTML_and_reset_line_38_18
]]></system-out>
  </testcase>
  <testcase name="scenario_Upload_widgets_send_real_multipart_data_line_44_19" classname="io.instanto.domino.testing.WidgetStepsTest" time="0.228">
    <system-out><![CDATA[Cucumber: scenario_Upload_widgets_send_real_multipart_data_line_44_19
]]></system-out>
  </testcase>
  <testcase name="scenario_Dynamic_suggestions_fetch_and_select_a_country_line_49_20" classname="io.instanto.domino.testing.WidgetStepsTest" time="1.135">
    <system-out><![CDATA[Cucumber: scenario_Dynamic_suggestions_fetch_and_select_a_country_line_49_20
]]></system-out>
  </testcase>
</testsuite>