<?xml version="1.0" encoding="UTF-8"?>
<testsuite xmlns:xsi="http://www.w3.org/2001/XMLSchema-instance" xsi:noNamespaceSchemaLocation="https://maven.apache.org/surefire/maven-surefire-plugin/xsd/surefire-test-report.xsd" version="3.0.2" name="io.instanto.domino.build.FormSourceAdapterTest" time="0.059" tests="3" errors="0" skipped="0" failures="0">
  <testcase name="nestedFieldAdaptationsSurviveTheirContainingRows" classname="io.instanto.domino.build.FormSourceAdapterTest" time="0.054"/>
  <testcase name="alreadyCurrentBankComponentAndModelsAreUnchanged" classname="io.instanto.domino.build.FormSourceAdapterTest" time="0.0"/>
  <testcase name="cardsCollapseTheirBodyWhileOtherWidgetsHide" classname="io.instanto.domino.build.FormSourceAdapterTest" time="0.005"/>
</testsuite>