<?xml version="1.0" encoding="UTF-8"?>
<testsuite xmlns:xsi="http://www.w3.org/2001/XMLSchema-instance" xsi:noNamespaceSchemaLocation="https://maven.apache.org/surefire/maven-surefire-plugin/xsd/surefire-test-report-3.0.xsd" version="3.0" name="io.instanto.compat.GenerateBindingsTest" time="0.105" tests="7" errors="0" skipped="0" failures="0">
  <properties>
[...]
</properties>
  <testcase name="addsZeroArgumentArrayConstructor" classname="io.instanto.compat.GenerateBindingsTest" time="0.068"/>
  <testcase name="normalizesObjectVarargsAtNativeBoundary" classname="io.instanto.compat.GenerateBindingsTest" time="0.011"/>
  <testcase name="mapsNamespacedConstructorsAndStaticProperties" classname="io.instanto.compat.GenerateBindingsTest" time="0.004"/>
  <testcase name="mapsGlobalFieldsAndCallbacks" classname="io.instanto.compat.GenerateBindingsTest" time="0.003"/>
  <testcase name="preservesFunctorTypeBeforeUnionErasure" classname="io.instanto.compat.GenerateBindingsTest" time="0.003"/>
  <testcase name="doesNotWriteNativeGlobalForJavaConstantAlias" classname="io.instanto.compat.GenerateBindingsTest" time="0.001"/>
  <testcase name="preservesJavaWidgetLogic" classname="io.instanto.compat.GenerateBindingsTest" time="0.001"/>
</testsuite>