<?xml version="1.0" encoding="UTF-8"?>
<testsuite xmlns:xsi="http://www.w3.org/2001/XMLSchema-instance" xsi:noNamespaceSchemaLocation="https://maven.apache.org/surefire/maven-surefire-plugin/xsd/surefire-test-report.xsd" version="3.0.2" name="io.instanto.domino.build.BuildChecksTest" time="0.062" tests="5" errors="0" skipped="0" failures="0">
  <properties>
[...]
</properties>
  <testcase name="modifiedSourceFailsChecksumVerification" classname="io.instanto.domino.build.BuildChecksTest" time="0.021"/>
  <testcase name="methodExtractionIgnoresBracesInStringsAndComments" classname="io.instanto.domino.build.BuildChecksTest" time="0.003"/>
  <testcase name="codeArtifactsRejectDuplicateClassesAndAssets" classname="io.instanto.domino.build.BuildChecksTest" time="0.012"/>
  <testcase name="reportsCannotHideSkippedOrMissingTestcases" classname="io.instanto.domino.build.BuildChecksTest" time="0.011"/>
  <testcase name="archivePathsCannotEscapeTheOutput" classname="io.instanto.domino.build.BuildChecksTest" time="0.0"/>
</testsuite>