<?xml version="1.0" encoding="UTF-8"?>
<testsuite xmlns:xsi="http://www.w3.org/2001/XMLSchema-instance" xsi:noNamespaceSchemaLocation="https://maven.apache.org/surefire/maven-surefire-plugin/xsd/surefire-test-report.xsd" version="3.0.2" name="io.instanto.domino.testing.ReuseStepsTest" time="2.008" tests="1" errors="0" skipped="0" failures="0" flakes="0">
  <testcase name="scenario_A_published_Elemental2_logger_works_without_widget_dependencies_line_3_0" classname="io.instanto.domino.testing.ReuseStepsTest" time="1.701"/>
</testsuite>